nohup: ignoring input
> Task :compileJava UP-TO-DATE
> Task :processResources UP-TO-DATE
> Task :classes UP-TO-DATE
> Task :resolveMainClassName UP-TO-DATE

> Task :bootRun

  .   ____          _            __ _ _
 /\\ / ___'_ __ _ _(_)_ __  __ _ \ \ \ \
( ( )\___ | '_ | '_| | '_ \/ _` | \ \ \ \
 \\/  ___)| |_)| | | | | || (_| |  ) ) ) )
  '  |____| .__|_| |_|_| |_\__, | / / / /
 =========|_|==============|___/=/_/_/_/

 :: Spring Boot ::                (v3.5.6)

2025-10-25T15:54:00.920Z  INFO 840870 --- [  restartedMain] c.s.api.SwitchMangaApiApplication        : Starting SwitchMangaApiApplication using Java 17.0.16 with PID 840870 (/home/cwjpower01/switch-manga-api/build/classes/java/main started by cwjpower01 in /home/cwjpower01/switch-manga-api)
2025-10-25T15:54:00.927Z DEBUG 840870 --- [  restartedMain] c.s.api.SwitchMangaApiApplication        : Running with Spring Boot v3.5.6, Spring v6.2.11
2025-10-25T15:54:00.930Z  INFO 840870 --- [  restartedMain] c.s.api.SwitchMangaApiApplication        : The following 1 profile is active: "local"
2025-10-25T15:54:01.032Z  INFO 840870 --- [  restartedMain] .e.DevToolsPropertyDefaultsPostProcessor : Devtools property defaults active! Set 'spring.devtools.add-properties' to 'false' to disable
2025-10-25T15:54:01.033Z  INFO 840870 --- [  restartedMain] .e.DevToolsPropertyDefaultsPostProcessor : For additional web related logging consider setting the 'logging.level.web' property to 'DEBUG'
2025-10-25T15:54:02.771Z  INFO 840870 --- [  restartedMain] .s.d.r.c.RepositoryConfigurationDelegate : Bootstrapping Spring Data JPA repositories in DEFAULT mode.
2025-10-25T15:54:02.890Z  INFO 840870 --- [  restartedMain] .s.d.r.c.RepositoryConfigurationDelegate : Finished Spring Data repository scanning in 97 ms. Found 12 JPA repository interfaces.
2025-10-25T15:54:03.846Z  INFO 840870 --- [  restartedMain] o.s.b.w.embedded.tomcat.TomcatWebServer  : Tomcat initialized with port 8080 (http)
2025-10-25T15:54:03.864Z  INFO 840870 --- [  restartedMain] o.apache.catalina.core.StandardService   : Starting service [Tomcat]
2025-10-25T15:54:03.865Z  INFO 840870 --- [  restartedMain] o.apache.catalina.core.StandardEngine    : Starting Servlet engine: [Apache Tomcat/10.1.46]
2025-10-25T15:54:03.937Z  INFO 840870 --- [  restartedMain] o.a.c.c.C.[Tomcat].[localhost].[/]       : Initializing Spring embedded WebApplicationContext
2025-10-25T15:54:03.939Z  INFO 840870 --- [  restartedMain] w.s.c.ServletWebServerApplicationContext : Root WebApplicationContext: initialization completed in 2898 ms
2025-10-25T15:54:04.039Z DEBUG 840870 --- [  restartedMain] c.s.a.security.JwtAuthenticationFilter   : Filter 'jwtAuthenticationFilter' configured for use
2025-10-25T15:54:04.250Z  INFO 840870 --- [  restartedMain] o.hibernate.jpa.internal.util.LogHelper  : HHH000204: Processing PersistenceUnitInfo [name: default]
2025-10-25T15:54:04.312Z  INFO 840870 --- [  restartedMain] org.hibernate.Version                    : HHH000412: Hibernate ORM core version 6.6.29.Final
2025-10-25T15:54:04.369Z  INFO 840870 --- [  restartedMain] o.h.c.internal.RegionFactoryInitiator    : HHH000026: Second-level cache disabled
2025-10-25T15:54:04.778Z  INFO 840870 --- [  restartedMain] o.s.o.j.p.SpringPersistenceUnitInfo      : No LoadTimeWeaver setup: ignoring JPA class transformer
2025-10-25T15:54:04.819Z  INFO 840870 --- [  restartedMain] com.zaxxer.hikari.HikariDataSource       : HikariPool-1 - Starting...
2025-10-25T15:54:04.960Z  INFO 840870 --- [  restartedMain] com.zaxxer.hikari.pool.HikariPool        : HikariPool-1 - Added connection org.mariadb.jdbc.Connection@58d7e67d
2025-10-25T15:54:04.963Z  INFO 840870 --- [  restartedMain] com.zaxxer.hikari.HikariDataSource       : HikariPool-1 - Start completed.
2025-10-25T15:54:05.003Z  WARN 840870 --- [  restartedMain] org.hibernate.orm.deprecation            : HHH90000025: MariaDBDialect does not need to be specified explicitly using 'hibernate.dialect' (remove the property setting and it will be selected by default)
2025-10-25T15:54:05.034Z  INFO 840870 --- [  restartedMain] org.hibernate.orm.connections.pooling    : HHH10001005: Database info:
	Database JDBC URL [Connecting through datasource 'HikariDataSource (HikariPool-1)']
	Database driver: undefined/unknown
	Database version: 11.8.3
	Autocommit mode: undefined/unknown
	Isolation level: undefined/unknown
	Minimum pool size: undefined/unknown
	Maximum pool size: undefined/unknown
2025-10-25T15:54:06.760Z  INFO 840870 --- [  restartedMain] o.h.e.t.j.p.i.JtaPlatformInitiator       : HHH000489: No JTA platform available (set 'hibernate.transaction.jta.platform' to enable JTA platform integration)
2025-10-25T15:54:06.821Z DEBUG 840870 --- [  restartedMain] org.hibernate.SQL                        : 
    alter table if exists users 
       modify column role enum ('ADMIN','PUBLISHER','USER') not null
Hibernate: 
    alter table if exists users 
       modify column role enum ('ADMIN','PUBLISHER','USER') not null
2025-10-25T15:54:06.842Z DEBUG 840870 --- [  restartedMain] org.hibernate.SQL                        : 
    alter table if exists wall_posts 
       modify column target_type enum ('SERIES','VOLUME') not null
Hibernate: 
    alter table if exists wall_posts 
       modify column target_type enum ('SERIES','VOLUME') not null
2025-10-25T15:54:06.959Z  INFO 840870 --- [  restartedMain] j.LocalContainerEntityManagerFactoryBean : Initialized JPA EntityManagerFactory for persistence unit 'default'
2025-10-25T15:54:07.455Z  INFO 840870 --- [  restartedMain] o.s.d.j.r.query.QueryEnhancerFactory     : Hibernate is in classpath; If applicable, HQL parser will be used.
2025-10-25T15:54:08.989Z  WARN 840870 --- [  restartedMain] JpaBaseConfiguration$JpaWebConfiguration : spring.jpa.open-in-view is enabled by default. Therefore, database queries may be performed during view rendering. Explicitly configure spring.jpa.open-in-view to disable this warning
2025-10-25T15:54:10.102Z  INFO 840870 --- [  restartedMain] o.s.b.d.a.OptionalLiveReloadServer       : LiveReload server is running on port 35729
2025-10-25T15:54:10.171Z  INFO 840870 --- [  restartedMain] o.s.b.w.embedded.tomcat.TomcatWebServer  : Tomcat started on port 8080 (http) with context path '/'
2025-10-25T15:54:10.197Z  INFO 840870 --- [  restartedMain] c.s.api.SwitchMangaApiApplication        : Started SwitchMangaApiApplication in 10.007 seconds (process running for 10.577)
2025-10-25T15:55:26.655Z  INFO 840870 --- [nio-8080-exec-1] o.a.c.c.C.[Tomcat].[localhost].[/]       : Initializing Spring DispatcherServlet 'dispatcherServlet'
2025-10-25T15:55:26.656Z  INFO 840870 --- [nio-8080-exec-1] o.s.web.servlet.DispatcherServlet        : Initializing Servlet 'dispatcherServlet'
2025-10-25T15:55:26.660Z  INFO 840870 --- [nio-8080-exec-1] o.s.web.servlet.DispatcherServlet        : Completed initialization in 3 ms
2025-10-25T15:55:27.094Z DEBUG 840870 --- [nio-8080-exec-1] org.hibernate.SQL                        : 
    select
        p1_0.id,
        p1_0.active,
        p1_0.country,
        p1_0.created_at,
        p1_0.description,
        p1_0.email,
        p1_0.logo,
        p1_0.name,
        p1_0.name_en,
        p1_0.name_jp,
        p1_0.phone,
        p1_0.updated_at,
        p1_0.website 
    from
        publishers p1_0
Hibernate: 
    select
        p1_0.id,
        p1_0.active,
        p1_0.country,
        p1_0.created_at,
        p1_0.description,
        p1_0.email,
        p1_0.logo,
        p1_0.name,
        p1_0.name_en,
        p1_0.name_jp,
        p1_0.phone,
        p1_0.updated_at,
        p1_0.website 
    from
        publishers p1_0
2025-10-25T15:56:44.324Z DEBUG 840870 --- [nio-8080-exec-3] org.hibernate.SQL                        : 
    select
        s1_0.id,
        s1_0.active,
        s1_0.artist,
        s1_0.author,
        s1_0.cover_image,
        s1_0.created_at,
        s1_0.description,
        s1_0.publisher_id,
        s1_0.release_date,
        s1_0.status,
        s1_0.title,
        s1_0.title_en,
        s1_0.title_jp,
        s1_0.updated_at 
    from
        series s1_0
Hibernate: 
    select
        s1_0.id,
        s1_0.active,
        s1_0.artist,
        s1_0.author,
        s1_0.cover_image,
        s1_0.created_at,
        s1_0.description,
        s1_0.publisher_id,
        s1_0.release_date,
        s1_0.status,
        s1_0.title,
        s1_0.title_en,
        s1_0.title_jp,
        s1_0.updated_at 
    from
        series s1_0
2025-10-25T15:56:44.374Z DEBUG 840870 --- [nio-8080-exec-3] org.hibernate.SQL                        : 
    select
        p1_0.id,
        p1_0.active,
        p1_0.country,
        p1_0.created_at,
        p1_0.description,
        p1_0.email,
        p1_0.logo,
        p1_0.name,
        p1_0.name_en,
        p1_0.name_jp,
        p1_0.phone,
        p1_0.updated_at,
        p1_0.website 
    from
        publishers p1_0 
    where
        p1_0.id=?
Hibernate: 
    select
        p1_0.id,
        p1_0.active,
        p1_0.country,
        p1_0.created_at,
        p1_0.description,
        p1_0.email,
        p1_0.logo,
        p1_0.name,
        p1_0.name_en,
        p1_0.name_jp,
        p1_0.phone,
        p1_0.updated_at,
        p1_0.website 
    from
        publishers p1_0 
    where
        p1_0.id=?
2025-10-25T15:56:44.384Z DEBUG 840870 --- [nio-8080-exec-3] org.hibernate.SQL                        : 
    select
        p1_0.id,
        p1_0.active,
        p1_0.country,
        p1_0.created_at,
        p1_0.description,
        p1_0.email,
        p1_0.logo,
        p1_0.name,
        p1_0.name_en,
        p1_0.name_jp,
        p1_0.phone,
        p1_0.updated_at,
        p1_0.website 
    from
        publishers p1_0 
    where
        p1_0.id=?
Hibernate: 
    select
        p1_0.id,
        p1_0.active,
        p1_0.country,
        p1_0.created_at,
        p1_0.description,
        p1_0.email,
        p1_0.logo,
        p1_0.name,
        p1_0.name_en,
        p1_0.name_jp,
        p1_0.phone,
        p1_0.updated_at,
        p1_0.website 
    from
        publishers p1_0 
    where
        p1_0.id=?
2025-10-25T15:56:50.286Z DEBUG 840870 --- [nio-8080-exec-2] org.hibernate.SQL                        : 
    select
        v1_0.id,
        v1_0.active,
        v1_0.cover_image,
        v1_0.created_at,
        v1_0.description,
        v1_0.isbn,
        v1_0.page_count,
        v1_0.price,
        v1_0.publication_date,
        v1_0.series_id,
        v1_0.title,
        v1_0.title_en,
        v1_0.title_jp,
        v1_0.updated_at,
        v1_0.volume_number 
    from
        volumes v1_0
Hibernate: 
    select
        v1_0.id,
        v1_0.active,
        v1_0.cover_image,
        v1_0.created_at,
        v1_0.description,
        v1_0.isbn,
        v1_0.page_count,
        v1_0.price,
        v1_0.publication_date,
        v1_0.series_id,
        v1_0.title,
        v1_0.title_en,
        v1_0.title_jp,
        v1_0.updated_at,
        v1_0.volume_number 
    from
        volumes v1_0
2025-10-25T15:56:50.337Z DEBUG 840870 --- [nio-8080-exec-2] org.hibernate.SQL                        : 
    select
        s1_0.id,
        s1_0.active,
        s1_0.artist,
        s1_0.author,
        s1_0.cover_image,
        s1_0.created_at,
        s1_0.description,
        s1_0.publisher_id,
        s1_0.release_date,
        s1_0.status,
        s1_0.title,
        s1_0.title_en,
        s1_0.title_jp,
        s1_0.updated_at 
    from
        series s1_0 
    where
        s1_0.id=?
Hibernate: 
    select
        s1_0.id,
        s1_0.active,
        s1_0.artist,
        s1_0.author,
        s1_0.cover_image,
        s1_0.created_at,
        s1_0.description,
        s1_0.publisher_id,
        s1_0.release_date,
        s1_0.status,
        s1_0.title,
        s1_0.title_en,
        s1_0.title_jp,
        s1_0.updated_at 
    from
        series s1_0 
    where
        s1_0.id=?
2025-10-25T15:56:50.343Z DEBUG 840870 --- [nio-8080-exec-2] org.hibernate.SQL                        : 
    select
        p1_0.id,
        p1_0.active,
        p1_0.country,
        p1_0.created_at,
        p1_0.description,
        p1_0.email,
        p1_0.logo,
        p1_0.name,
        p1_0.name_en,
        p1_0.name_jp,
        p1_0.phone,
        p1_0.updated_at,
        p1_0.website 
    from
        publishers p1_0 
    where
        p1_0.id=?
Hibernate: 
    select
        p1_0.id,
        p1_0.active,
        p1_0.country,
        p1_0.created_at,
        p1_0.description,
        p1_0.email,
        p1_0.logo,
        p1_0.name,
        p1_0.name_en,
        p1_0.name_jp,
        p1_0.phone,
        p1_0.updated_at,
        p1_0.website 
    from
        publishers p1_0 
    where
        p1_0.id=?
2025-10-25T15:56:50.357Z DEBUG 840870 --- [nio-8080-exec-2] org.hibernate.SQL                        : 
    select
        s1_0.id,
        s1_0.active,
        s1_0.artist,
        s1_0.author,
        s1_0.cover_image,
        s1_0.created_at,
        s1_0.description,
        s1_0.publisher_id,
        s1_0.release_date,
        s1_0.status,
        s1_0.title,
        s1_0.title_en,
        s1_0.title_jp,
        s1_0.updated_at 
    from
        series s1_0 
    where
        s1_0.id=?
Hibernate: 
    select
        s1_0.id,
        s1_0.active,
        s1_0.artist,
        s1_0.author,
        s1_0.cover_image,
        s1_0.created_at,
        s1_0.description,
        s1_0.publisher_id,
        s1_0.release_date,
        s1_0.status,
        s1_0.title,
        s1_0.title_en,
        s1_0.title_jp,
        s1_0.updated_at 
    from
        series s1_0 
    where
        s1_0.id=?
2025-10-25T15:56:50.367Z DEBUG 840870 --- [nio-8080-exec-2] org.hibernate.SQL                        : 
    select
        s1_0.id,
        s1_0.active,
        s1_0.artist,
        s1_0.author,
        s1_0.cover_image,
        s1_0.created_at,
        s1_0.description,
        s1_0.publisher_id,
        s1_0.release_date,
        s1_0.status,
        s1_0.title,
        s1_0.title_en,
        s1_0.title_jp,
        s1_0.updated_at 
    from
        series s1_0 
    where
        s1_0.id=?
Hibernate: 
    select
        s1_0.id,
        s1_0.active,
        s1_0.artist,
        s1_0.author,
        s1_0.cover_image,
        s1_0.created_at,
        s1_0.description,
        s1_0.publisher_id,
        s1_0.release_date,
        s1_0.status,
        s1_0.title,
        s1_0.title_en,
        s1_0.title_jp,
        s1_0.updated_at 
    from
        series s1_0 
    where
        s1_0.id=?
2025-10-25T15:56:50.390Z DEBUG 840870 --- [nio-8080-exec-2] org.hibernate.SQL                        : 
    select
        s1_0.id,
        s1_0.active,
        s1_0.artist,
        s1_0.author,
        s1_0.cover_image,
        s1_0.created_at,
        s1_0.description,
        s1_0.publisher_id,
        s1_0.release_date,
        s1_0.status,
        s1_0.title,
        s1_0.title_en,
        s1_0.title_jp,
        s1_0.updated_at 
    from
        series s1_0 
    where
        s1_0.id=?
Hibernate: 
    select
        s1_0.id,
        s1_0.active,
        s1_0.artist,
        s1_0.author,
        s1_0.cover_image,
        s1_0.created_at,
        s1_0.description,
        s1_0.publisher_id,
        s1_0.release_date,
        s1_0.status,
        s1_0.title,
        s1_0.title_en,
        s1_0.title_jp,
        s1_0.updated_at 
    from
        series s1_0 
    where
        s1_0.id=?
2025-10-25T15:56:50.396Z DEBUG 840870 --- [nio-8080-exec-2] org.hibernate.SQL                        : 
    select
        s1_0.id,
        s1_0.active,
        s1_0.artist,
        s1_0.author,
        s1_0.cover_image,
        s1_0.created_at,
        s1_0.description,
        s1_0.publisher_id,
        s1_0.release_date,
        s1_0.status,
        s1_0.title,
        s1_0.title_en,
        s1_0.title_jp,
        s1_0.updated_at 
    from
        series s1_0 
    where
        s1_0.id=?
Hibernate: 
    select
        s1_0.id,
        s1_0.active,
        s1_0.artist,
        s1_0.author,
        s1_0.cover_image,
        s1_0.created_at,
        s1_0.description,
        s1_0.publisher_id,
        s1_0.release_date,
        s1_0.status,
        s1_0.title,
        s1_0.title_en,
        s1_0.title_jp,
        s1_0.updated_at 
    from
        series s1_0 
    where
        s1_0.id=?
2025-10-25T15:56:50.405Z DEBUG 840870 --- [nio-8080-exec-2] org.hibernate.SQL                        : 
    select
        p1_0.id,
        p1_0.active,
        p1_0.country,
        p1_0.created_at,
        p1_0.description,
        p1_0.email,
        p1_0.logo,
        p1_0.name,
        p1_0.name_en,
        p1_0.name_jp,
        p1_0.phone,
        p1_0.updated_at,
        p1_0.website 
    from
        publishers p1_0 
    where
        p1_0.id=?
Hibernate: 
    select
        p1_0.id,
        p1_0.active,
        p1_0.country,
        p1_0.created_at,
        p1_0.description,
        p1_0.email,
        p1_0.logo,
        p1_0.name,
        p1_0.name_en,
        p1_0.name_jp,
        p1_0.phone,
        p1_0.updated_at,
        p1_0.website 
    from
        publishers p1_0 
    where
        p1_0.id=?
2025-10-25T15:56:50.475Z DEBUG 840870 --- [nio-8080-exec-2] org.hibernate.SQL                        : 
    select
        s1_0.id,
        s1_0.active,
        s1_0.artist,
        s1_0.author,
        s1_0.cover_image,
        s1_0.created_at,
        s1_0.description,
        s1_0.publisher_id,
        s1_0.release_date,
        s1_0.status,
        s1_0.title,
        s1_0.title_en,
        s1_0.title_jp,
        s1_0.updated_at 
    from
        series s1_0 
    where
        s1_0.id=?
Hibernate: 
    select
        s1_0.id,
        s1_0.active,
        s1_0.artist,
        s1_0.author,
        s1_0.cover_image,
        s1_0.created_at,
        s1_0.description,
        s1_0.publisher_id,
        s1_0.release_date,
        s1_0.status,
        s1_0.title,
        s1_0.title_en,
        s1_0.title_jp,
        s1_0.updated_at 
    from
        series s1_0 
    where
        s1_0.id=?
2025-10-25T15:56:59.467Z DEBUG 840870 --- [nio-8080-exec-5] org.hibernate.SQL                        : 
    select
        p1_0.id,
        p1_0.active,
        p1_0.country,
        p1_0.created_at,
        p1_0.description,
        p1_0.email,
        p1_0.logo,
        p1_0.name,
        p1_0.name_en,
        p1_0.name_jp,
        p1_0.phone,
        p1_0.updated_at,
        p1_0.website 
    from
        publishers p1_0
Hibernate: 
    select
        p1_0.id,
        p1_0.active,
        p1_0.country,
        p1_0.created_at,
        p1_0.description,
        p1_0.email,
        p1_0.logo,
        p1_0.name,
        p1_0.name_en,
        p1_0.name_jp,
        p1_0.phone,
        p1_0.updated_at,
        p1_0.website 
    from
        publishers p1_0
